

@01 518/1/14 h12 发现道具
王朝与希望在混沌之陵园拿到了☆被称作铁块
的大岩石『剑士之胜利者』 (1d40+3)(-8) [
-15,2]。

@03 518/1/15 h6 完成任务
无修正的霸者的任务完成了，获得了4名声。


@01 518/1/15 h7 发现道具
为罚所苦的指挥者在金字塔拿到了☆祝福的可
变形的合成护手『真・英雄』 (8,3) [10,17
]。

@01 518/1/15 h15 发现道具
红之恶魔在混沌之城《机甲》拿到了☆祝福的
梦幻的小盾『被称为英雄的天』 [4,0]。

@01 518/1/15 h21 发现道具
操控巨人的号泣在莱娜拿到了☆可食用的合成
靴『王子拳』 [0,-3]。

@03 518/1/16 h6 完成任务
染上了黄色的惊愕的任务完成了，获得了9名
声。

@01 518/1/16 h23 发现道具
真・中庸在提里斯关所北侧拿到了☆被称作铁
块的双枪『狮子之一族』 (2d6+5)(7)。

@01 518/1/17 h2 发现道具
银之国在南提里斯拿到了☆沉重的合金戒指『
逃避黑暗的右腕』。

@01 518/1/19 h9 发现道具
猎杀猫的寨子在冒险课堂拿到了☆折翼的精灵
帽『闪耀的僧侣』 [27,15]。

@01 518/1/19 h12 发现道具
合体儿子在冒险者之洞窟拿到了☆沉重的钩爪
『靠拳头而生的超越』 (2,2) [-1,3]。

@03 518/1/20 h5 完成任务
梦中烈焰的任务完成了，获得了0名声。

@01 518/1/20 h5 发现道具
梦中烈焰在安全之陵园拿到了☆不朽的项链『
危险的骷髅』。

@01 518/1/20 h21 发现道具
被舔隼在南提里斯拿到了☆绽放异彩的机关枪
『水与强盗』 (10d4)(30)。

@01 518/1/20 h22 发现道具
抹杀的将军在山道拿到了☆高贵的戒指『岩的
公主』。

@01 518/1/20 h24 发现道具
完全的伤痕在魔女之家拿到了☆缠绕光芒的高
级手套『暴风午后』 (13,1) [12,13]。

@01 518/1/21 h1 发现道具
疯狂祝福在安全之森拿到了☆堕落的可变形的
重盔『死者的魔法』 [9,27]。

@01 518/1/21 h18 发现道具
胜利者之时在混沌之陵园拿到了☆高贵的守护
戒指『恶人样的失足』 [0,1]。

@01 518/1/22 h9 发现道具
王朝与希望在死之陵园拿到了☆乱来的装饰戒
指『准备计谋的陨石』。

@02 518/1/25 h4 新的力量
操控巨人的号泣积攒了足够的经验，升到24级
了。

@03 518/1/25 h9 完成任务
风暴・蓝的任务完成了，获得了1名声。

@01 518/1/25 h19 发现道具
姐妹空旷在南提里斯拿到了☆被称作铁块的头
盔『共鸣之巫师』 [1,10]。

@01 518/1/28 h23 发现道具
银之国在南提里斯拿到了☆祝福的包覆一切的
轻披风『终结之收获』 [4,2]。

@01 518/1/29 h10 发现道具
不知天高地厚的水晶在不归之寨拿到了☆诅咒
的艳丽的防护外套『新人・紫』 [3,1]。

@01 518/2/1 h8 发现道具
祝福之伤感在不归之湖拿到了☆通透的精工项
链『为了女儿地狱界』。

@01 518/2/2 h1 发现道具
使唤之冰在安全之陵园拿到了☆被称作铁块的
狙击枪『抵抗军与停滞』 (1d38)(-4)。

@03 518/2/2 h4 完成任务
美神与诅咒的任务完成了，获得了10名声。


@01 518/2/3 h3 发现道具
抹杀的将军在牛头人之巢穴拿到了☆乱来的靴
『机械之空』 [5,0]。

@01 518/2/4 h1 发现道具
风暴・蓝在安全之森拿到了☆诅咒的粉碎黑暗
的轻披风『被预言的坏灭』 [3,4]。

@01 518/2/4 h3 发现道具
胜利者之时在冒险者之洞窟拿到了☆诅咒的历
史悠久的弩『飞项圈』 (1d37+6)(5)。

@01 518/2/4 h10 发现道具
仙人之发在死之洞窟拿到了☆沉重的合成腰带
『为了妹妹失笑』 [-2,5]。

@02 518/2/4 h12 新的力量
风暴・蓝积攒了足够的经验，升到11级了。


@03 518/2/4 h16 完成任务
姐妹空旷的任务完成了，获得了19名声。

@01 518/2/4 h16 发现道具
姐妹空旷在****拿到了☆被称作铁块的长枪『
被灵附体的响』 (3d7+2)(1) [0,6]。

@01 518/2/4 h16 发现道具
红之恶魔在恶魔岬拿到了☆照亮黑暗的合金戒
指『不让叫无政府』。

@02 518/2/6 h8 新的力量
帝国之恶女积攒了足够的经验，升到26级了。


@03 518/2/6 h11 完成任务
献出双亲王室的任务完成了，获得了38名声。


@01 518/2/6 h11 发现道具
献出双亲王室在不归之陵园拿到了☆永不褪色
的合金戒指『拨动时间微笑』 (0,2)。

@01 518/2/6 h15 发现道具
无修正的霸者在南提里斯拿到了☆乱来的外套
『通向希望的炎』 [9,0]。

@01 518/2/7 h3 发现道具
合体儿子在混沌之湖拿到了☆美丽的手套『骑
士灵魂』 (5,0) [5,1]。

@01 518/2/7 h8 发现道具
真・中庸在安全之森拿到了☆沉重的箭矢『染
上银色的皇帝』 (1d10)(1)。

@01 518/2/7 h13 发现道具
使唤之冰在混沌之巢窟拿到了☆可食用的高级
手套『新星之淑女的』 (-4,0) [-4,-3]。

@03 518/2/8 h10 完成任务
母亲是寂静的任务完成了，获得了12名声。


@03 518/2/8 h18 完成任务
人之清晨的任务完成了，获得了28名声。

@01 518/2/8 h19 发现道具
美神与诅咒在灼热之塔拿到了☆梦幻的子弹『
右手与锤』 (2d2)(6)。

@01 518/2/9 h21 发现道具
人之清晨在避难所拿到了☆永不褪色的弩箭矢
『混沌之巨兽』 (1d12+1)(7)。

@01 518/2/9 h22 发现道具
人之清晨在避难所拿到了☆折翼的项链『精灵
之堕落』。

@03 518/2/10 h10 完成任务
影武士的任务完成了，获得了4名声。

@01 518/2/10 h10 发现道具
影武士在混沌之陵园拿到了☆被称作铁块的戒
指『龙与红』。

@01 518/2/10 h20 发现道具
银之国在不归之塔拿到了☆沉重的骑士盔『反
抗之记忆』 [0,13]。

